<?xml version="1.0" encoding="UTF-8"?>
<!-- Generated by org.testng.reporters.JUnitXMLReporter -->
<testsuite ignored="0" hostname="DESKTOP-1N84CM4" failures="0" tests="3" name="DEV TESTS" time="0.16" errors="0" timestamp="2023-08-19T17:54:27 IST">
  <testcase classname="org.testNgEx2.CustomersTC2" name="createCustomersTC" time="0.01"/>
  <testcase classname="org.testNgEx2.CustomersTC2" name="deleteCustomersTC" time="0.006"/>
  <testcase classname="org.testNgEx2.CustomersTC2" name="updateCustomersTC" time="0.009"/>
</testsuite> <!-- DEV TESTS -->
