<?xml version="1.0" encoding="UTF-8"?>
<!-- Generated by org.testng.reporters.JUnitXMLReporter -->
<testsuite ignored="0" hostname="DESKTOP-1N84CM4" failures="0" tests="3" name="QA TESTS" time="0.046" errors="0" timestamp="2023-08-19T17:54:28 IST">
  <testcase classname="org.testNgEx2.ReportTC2" name="createReportTC" time="0.009"/>
  <testcase classname="org.testNgEx2.ReportTC2" name="deleteReportTC" time="0.005"/>
  <testcase classname="org.testNgEx2.ReportTC2" name="updateReportTC" time="0.003"/>
</testsuite> <!-- QA TESTS -->
