<?xml version="1.0" encoding="UTF-8"?>
<!-- Generated by org.testng.reporters.JUnitXMLReporter -->
<testsuite ignored="0" hostname="DESKTOP-1N84CM4" failures="0" tests="4" name="Test" time="110.088" errors="0" timestamp="2023-08-20T16:52:59 IST">
  <testcase classname="org.testNgEx4.ParaEx1" name="googleEx" time="35.65"/>
  <testcase classname="org.testNgEx4.ParaEx2" name="demoqaEx" time="43.739"/>
  <testcase classname="org.testNgEx4.ParaEx1" name="facebookEx" time="103.206"/>
  <testcase classname="org.testNgEx4.ParaEx2" name="flipkartEx" time="30.579"/>
</testsuite> <!-- Test -->
