<?xml version="1.0" encoding="UTF-8"?>
<!-- Generated by org.testng.reporters.JUnitXMLReporter -->
<testsuite ignored="2" hostname="DESKTOP-1N84CM4" failures="2" tests="2" name="Test(failed)" time="0.139" errors="0" timestamp="2023-08-19T19:02:42 IST">
  <testcase classname="org.testNgEx3.ReportEx2" name="createCustomersTC" time="0.025">
    <failure type="java.lang.ArithmeticException" message="/ by zero">
      <![CDATA[java.lang.ArithmeticException: / by zero
at org.testNgEx3.ReportEx2.createCustomersTC(ReportEx2.java:11)
at java.base/java.util.ArrayList.forEach(ArrayList.java:1511)
... Removed 27 stack frames]]>
    </failure>
  </testcase> <!-- createCustomersTC -->
  <testcase classname="org.testNgEx3.ReportEx2" name="UpdateCustomersTC" time="0.004">
    <failure type="java.lang.StringIndexOutOfBoundsException" message="String index out of range: 5">
      <![CDATA[java.lang.StringIndexOutOfBoundsException: String index out of range: 5
at java.base/java.lang.StringLatin1.charAt(StringLatin1.java:48)
at java.base/java.lang.String.charAt(String.java:1515)
at org.testNgEx3.ReportEx2.UpdateCustomersTC(ReportEx2.java:31)
at java.base/java.util.ArrayList.forEach(ArrayList.java:1511)
... Removed 27 stack frames]]>
    </failure>
  </testcase> <!-- UpdateCustomersTC -->
  <testcase classname="org.testNgEx3.ReportEx2" name="CreateCustomersTC" time="0.0">
    <ignored/>
  </testcase> <!-- CreateCustomersTC -->
  <testcase classname="org.testNgEx3.ReportEx2" name="updateCustomersTC" time="0.0">
    <ignored/>
  </testcase> <!-- updateCustomersTC -->
</testsuite> <!-- Test(failed) -->
