<?xml version="1.0" encoding="UTF-8"?>
<!-- Generated by org.testng.reporters.JUnitXMLReporter -->
<testsuite ignored="4" hostname="DESKTOP-1N84CM4" failures="0" tests="4" name="Test" time="0.024" errors="0" timestamp="2023-08-20T18:06:09 IST">
  <testcase classname="org.testNgEx3.GroupEx" name="CreateCustomer" time="0.0"/>
  <testcase classname="org.testNgEx3.GroupEx" name="updateCustomer" time="0.001"/>
  <testcase classname="org.testNgEx3.GroupEx" name="deleteCustomer" time="0.001"/>
  <testcase classname="org.testNgEx3.GroupEx" name="logout" time="0.001"/>
  <testcase classname="org.testNgEx3.GroupEx" name="UpdateCustomer" time="0.0">
    <ignored/>
  </testcase> <!-- UpdateCustomer -->
  <testcase classname="org.testNgEx3.GroupEx" name="DeleteCustomer" time="0.0">
    <ignored/>
  </testcase> <!-- DeleteCustomer -->
  <testcase classname="org.testNgEx3.GroupEx" name="createCustomer" time="0.0">
    <ignored/>
  </testcase> <!-- createCustomer -->
  <testcase classname="org.testNgEx3.GroupEx" name="login" time="0.0">
    <ignored/>
  </testcase> <!-- login -->
</testsuite> <!-- Test -->
