<?xml version="1.0" encoding="UTF-8"?>
<testng-results ignored="0" total="2" passed="2" failed="0" skipped="0">
  <reporter-output>
    <line>
      <![CDATA[Login Page Is Verify Successfully]]>
    </line>
    <line>
      <![CDATA[Login  Successfully]]>
    </line>
  </reporter-output>
  <suite started-at="2023-08-22T20:46:42 IST" name="Default suite" finished-at="2023-08-22T20:48:02 IST" duration-ms="79482">
    <groups>
    </groups>
    <test started-at="2023-08-22T20:46:42 IST" name="Default test" finished-at="2023-08-22T20:48:02 IST" duration-ms="79482">
      <class name="org.POM_pages.LoginTC">
        <test-method is-config="true" signature="beforeMethod()[pri:0, instance:org.POM_pages.LoginTC@60099951]" started-at="2023-08-22T20:46:42 IST" name="beforeMethod" finished-at="2023-08-22T20:47:22 IST" duration-ms="39879" status="PASS">
          <reporter-output>
          </reporter-output>
        </test-method> <!-- beforeMethod -->
        <test-method signature="verifyLoginPage()[pri:0, instance:org.POM_pages.LoginTC@60099951]" started-at="2023-08-22T20:47:22 IST" name="verifyLoginPage" finished-at="2023-08-22T20:47:23 IST" duration-ms="662" status="PASS">
          <reporter-output>
            <line>
              <![CDATA[Login Page Is Verify Successfully]]>
            </line>
          </reporter-output>
        </test-method> <!-- verifyLoginPage -->
        <test-method is-config="true" signature="tearDown()[pri:0, instance:org.POM_pages.LoginTC@60099951]" started-at="2023-08-22T20:47:23 IST" name="tearDown" finished-at="2023-08-22T20:47:24 IST" duration-ms="950" status="PASS">
          <reporter-output>
          </reporter-output>
        </test-method> <!-- tearDown -->
        <test-method is-config="true" signature="beforeMethod()[pri:0, instance:org.POM_pages.LoginTC@60099951]" started-at="2023-08-22T20:47:24 IST" name="beforeMethod" finished-at="2023-08-22T20:47:50 IST" duration-ms="26104" status="PASS">
          <reporter-output>
          </reporter-output>
        </test-method> <!-- beforeMethod -->
        <test-method signature="verifyloginfunction()[pri:0, instance:org.POM_pages.LoginTC@60099951]" started-at="2023-08-22T20:47:50 IST" name="verifyloginfunction" finished-at="2023-08-22T20:48:00 IST" duration-ms="9731" status="PASS">
          <reporter-output>
            <line>
              <![CDATA[Login  Successfully]]>
            </line>
          </reporter-output>
        </test-method> <!-- verifyloginfunction -->
        <test-method is-config="true" signature="tearDown()[pri:0, instance:org.POM_pages.LoginTC@60099951]" started-at="2023-08-22T20:48:00 IST" name="tearDown" finished-at="2023-08-22T20:48:02 IST" duration-ms="2032" status="PASS">
          <reporter-output>
          </reporter-output>
        </test-method> <!-- tearDown -->
      </class> <!-- org.POM_pages.LoginTC -->
    </test> <!-- Default test -->
  </suite> <!-- Default suite -->
</testng-results>
